<?xml version="1.0" encoding="UTF-8"?><testsuite name="Chrome_4302357130_Windows.HelloWorldTest" errors="0" failures="0" tests="1" time="0.001">
<testcase classname="Chrome_4302357130_Windows.HelloWorldTest" name="testSay" time="0.001"/>
</testsuite>
