<?xml version="1.0" encoding="UTF-8"?><testsuite name="Chrome_4302357130_Windows.QueueTest" errors="0" failures="0" tests="1" time="2.999">
<testcase classname="Chrome_4302357130_Windows.QueueTest" name="testSomething" time="2.999"/>
</testsuite>
