<?xml version="1.0" encoding="UTF-8"?><testsuite name="Firefox_390_Windows.QueueTest" errors="0" failures="0" tests="1" time="3.008">
<testcase classname="Firefox_390_Windows.QueueTest" name="testSomething" time="3.008"/>
</testsuite>
