<?xml version="1.0" encoding="UTF-8"?><testsuite name="Chrome_4302357130_Windows.AsynchronousTest" errors="0" failures="0" tests="1" time="7.977">
<testcase classname="Chrome_4302357130_Windows.AsynchronousTest" name="testSomethingComplicated" time="7.977"/>
</testsuite>
