<?xml version="1.0" encoding="UTF-8"?><testsuite name="Firefox_390_Windows.HelloWorldTest" errors="0" failures="0" tests="1" time="0.001">
<testcase classname="Firefox_390_Windows.HelloWorldTest" name="testSay" time="0.001"/>
</testsuite>
